<?xml version="1.0" encoding="UTF-8" standalone="no"?>
<!DOCTYPE log SYSTEM "logger.dtd">
<log>
<record>
  <date>2017-08-24T22:20:32</date>
  <millis>1503609632390</millis>
  <sequence>0</sequence>
  <logger>org.uma.jmetal.util.JMetalLogger</logger>
  <level>INFO</level>
  <class>org.uma.jmetal.util.JMetalLogger</class>
  <method>configureLoggers</method>
  <thread>1</thread>
  <message>Loggers configured with null</message>
</record>
<record>
  <date>2017-08-24T22:20:32</date>
  <millis>1503609632445</millis>
  <sequence>1</sequence>
  <logger>org.uma.jmetal.util.JMetalLogger</logger>
  <level>INFO</level>
  <class>org.uma.jmetal.util.experiment.component.ExecuteAlgorithms</class>
  <method>run</method>
  <thread>1</thread>
  <message>ExecuteAlgorithms: Preparing output directory</message>
</record>
<record>
  <date>2017-08-24T22:20:32</date>
  <millis>1503609632525</millis>
  <sequence>3</sequence>
  <logger>org.uma.jmetal.util.JMetalLogger</logger>
  <level>INFO</level>
  <class>org.uma.jmetal.util.experiment.util.ExperimentAlgorithm</class>
  <method>runAlgorithm</method>
  <thread>13</thread>
  <message> Running algorithm: IBEA, problem: SAS, run: 0, funFile: /Users/INTEGRALSABIOLA/Documents/RADAR_Project/RadarTool/target/classes/n+1/refined_models/RadarStudySAS/data/IBEA/SAS/FUN0.tsv</message>
</record>
<record>
  <date>2017-08-24T22:20:32</date>
  <millis>1503609632525</millis>
  <sequence>4</sequence>
  <logger>org.uma.jmetal.util.JMetalLogger</logger>
  <level>INFO</level>
  <class>org.uma.jmetal.util.experiment.util.ExperimentAlgorithm</class>
  <method>runAlgorithm</method>
  <thread>11</thread>
  <message> Running algorithm: Random, problem: SAS, run: 0, funFile: /Users/INTEGRALSABIOLA/Documents/RADAR_Project/RadarTool/target/classes/n+1/refined_models/RadarStudySAS/data/Random/SAS/FUN0.tsv</message>
</record>
<record>
  <date>2017-08-24T22:20:32</date>
  <millis>1503609632525</millis>
  <sequence>5</sequence>
  <logger>org.uma.jmetal.util.JMetalLogger</logger>
  <level>INFO</level>
  <class>org.uma.jmetal.util.experiment.util.ExperimentAlgorithm</class>
  <method>runAlgorithm</method>
  <thread>10</thread>
  <message> Running algorithm: NSGAII, problem: SAS, run: 0, funFile: /Users/INTEGRALSABIOLA/Documents/RADAR_Project/RadarTool/target/classes/n+1/refined_models/RadarStudySAS/data/NSGAII/SAS/FUN0.tsv</message>
</record>
<record>
  <date>2017-08-24T22:20:32</date>
  <millis>1503609632526</millis>
  <sequence>6</sequence>
  <logger>org.uma.jmetal.util.JMetalLogger</logger>
  <level>INFO</level>
  <class>org.uma.jmetal.util.experiment.util.ExperimentAlgorithm</class>
  <method>runAlgorithm</method>
  <thread>1</thread>
  <message> Running algorithm: MOCell, problem: SAS, run: 0, funFile: /Users/INTEGRALSABIOLA/Documents/RADAR_Project/RadarTool/target/classes/n+1/refined_models/RadarStudySAS/data/MOCell/SAS/FUN0.tsv</message>
</record>
<record>
  <date>2017-08-24T22:20:32</date>
  <millis>1503609632525</millis>
  <sequence>2</sequence>
  <logger>org.uma.jmetal.util.JMetalLogger</logger>
  <level>INFO</level>
  <class>org.uma.jmetal.util.experiment.util.ExperimentAlgorithm</class>
  <method>runAlgorithm</method>
  <thread>12</thread>
  <message> Running algorithm: SPEA2, problem: SAS, run: 0, funFile: /Users/INTEGRALSABIOLA/Documents/RADAR_Project/RadarTool/target/classes/n+1/refined_models/RadarStudySAS/data/SPEA2/SAS/FUN0.tsv</message>
</record>
</log>
